# JRE version: OpenJDK Runtime Environment (11.0.15) (build 11.0.15+0-b2043.56-9505619)
# Java VM: OpenJDK 64-Bit Server VM (11.0.15+0-b2043.56-9505619, mixed mode, tiered, compressed oops, g1 gc, windows-amd64)
Heap:
 garbage-first heap   total 225280K, used 139911K [0x0000000080000000, 0x0000000100000000)
  region size 1024K, 34 young (34816K), 6 survivors (6144K)
 Metaspace       used 55337K, capacity 57111K, committed 57296K, reserved 1099776K
  class space    used 7112K, capacity 7793K, committed 7808K, reserved 1048576K
GC Heap History (20 events):
Event: 1.980 GC heap before
{Heap before GC invocations=6 (full 0):
 garbage-first heap   total 129024K, used 91075K [0x0000000080000000, 0x0000000100000000)
  region size 1024K, 46 young (47104K), 8 survivors (8192K)
 Metaspace       used 34687K, capacity 35809K, committed 35920K, reserved 1081344K
  class space    used 4678K, capacity 5088K, committed 5120K, reserved 1048576K
}
Event: 1.986 GC heap after
{Heap after GC invocations=7 (full 0):
 garbage-first heap   total 155648K, used 55169K [0x0000000080000000, 0x0000000100000000)
  region size 1024K, 2 young (2048K), 2 survivors (2048K)
 Metaspace       used 34687K, capacity 35809K, committed 35920K, reserved 1081344K
  class space    used 4678K, capacity 5088K, committed 5120K, reserved 1048576K
}
Event: 2.335 GC heap before
{Heap before GC invocations=8 (full 0):
 garbage-first heap   total 155648K, used 107393K [0x0000000080000000, 0x0000000100000000)
  region size 1024K, 51 young (52224K), 2 survivors (2048K)
 Metaspace       used 41412K, capacity 42558K, committed 42704K, reserved 1087488K
  class space    used 5254K, capacity 5692K, committed 5760K, reserved 1048576K
}
Event: 2.340 GC heap after
{Heap after GC invocations=9 (full 0):
 garbage-first heap   total 155648K, used 60022K [0x0000000080000000, 0x0000000100000000)
  region size 1024K, 7 young (7168K), 7 survivors (7168K)
 Metaspace       used 41412K, capacity 42558K, committed 42704K, reserved 1087488K
  class space    used 5254K, capacity 5692K, committed 5760K, reserved 1048576K
}
Event: 2.587 GC heap before
{Heap before GC invocations=9 (full 0):
 garbage-first heap   total 155648K, used 116342K [0x0000000080000000, 0x0000000100000000)
  region size 1024K, 49 young (50176K), 7 survivors (7168K)
 Metaspace       used 44213K, capacity 45412K, committed 45648K, reserved 1089536K
  class space    used 5673K, capacity 6126K, committed 6144K, reserved 1048576K
}
Event: 2.593 GC heap after
{Heap after GC invocations=10 (full 0):
 garbage-first heap   total 155648K, used 77776K [0x0000000080000000, 0x0000000100000000)
  region size 1024K, 3 young (3072K), 3 survivors (3072K)
 Metaspace       used 44213K, capacity 45412K, committed 45648K, reserved 1089536K
  class space    used 5673K, capacity 6126K, committed 6144K, reserved 1048576K
}
Event: 2.687 GC heap before
{Heap before GC invocations=11 (full 0):
 garbage-first heap   total 155648K, used 97232K [0x0000000080000000, 0x0000000100000000)
  region size 1024K, 18 young (18432K), 3 survivors (3072K)
 Metaspace       used 44868K, capacity 46151K, committed 46288K, reserved 1089536K
  class space    used 5744K, capacity 6242K, committed 6272K, reserved 1048576K
}
Event: 2.691 GC heap after
{Heap after GC invocations=12 (full 0):
 garbage-first heap   total 155648K, used 84722K [0x0000000080000000, 0x0000000100000000)
  region size 1024K, 5 young (5120K), 5 survivors (5120K)
 Metaspace       used 44868K, capacity 46151K, committed 46288K, reserved 1089536K
  class space    used 5744K, capacity 6242K, committed 6272K, reserved 1048576K
}
Event: 2.859 GC heap before
{Heap before GC invocations=13 (full 0):
 garbage-first heap   total 155648K, used 118514K [0x0000000080000000, 0x0000000100000000)
  region size 1024K, 37 young (37888K), 5 survivors (5120K)
 Metaspace       used 46854K, capacity 48171K, committed 48336K, reserved 1091584K
  class space    used 5928K, capacity 6423K, committed 6528K, reserved 1048576K
}
Event: 2.862 GC heap after
{Heap after GC invocations=14 (full 0):
 garbage-first heap   total 187392K, used 86740K [0x0000000080000000, 0x0000000100000000)
  region size 1024K, 5 young (5120K), 5 survivors (5120K)
 Metaspace       used 46854K, capacity 48171K, committed 48336K, reserved 1091584K
  class space    used 5928K, capacity 6423K, committed 6528K, reserved 1048576K
}
Event: 2.996 GC heap before
{Heap before GC invocations=14 (full 0):
 garbage-first heap   total 187392K, used 108244K [0x0000000080000000, 0x0000000100000000)
  region size 1024K, 27 young (27648K), 5 survivors (5120K)
 Metaspace       used 48198K, capacity 49679K, committed 49872K, reserved 1093632K
  class space    used 6148K, capacity 6690K, committed 6784K, reserved 1048576K
}
Event: 3.000 GC heap after
{Heap after GC invocations=15 (full 0):
 garbage-first heap   total 187392K, used 88417K [0x0000000080000000, 0x0000000100000000)
  region size 1024K, 4 young (4096K), 4 survivors (4096K)
 Metaspace       used 48198K, capacity 49679K, committed 49872K, reserved 1093632K
  class space    used 6148K, capacity 6690K, committed 6784K, reserved 1048576K
}
Event: 3.345 GC heap before
{Heap before GC invocations=16 (full 0):
 garbage-first heap   total 187392K, used 142689K [0x0000000080000000, 0x0000000100000000)
  region size 1024K, 52 young (53248K), 4 survivors (4096K)
 Metaspace       used 51337K, capacity 52931K, committed 53200K, reserved 1095680K
  class space    used 6616K, capacity 7217K, committed 7296K, reserved 1048576K
}
Event: 3.350 GC heap after
{Heap after GC invocations=17 (full 0):
 garbage-first heap   total 187392K, used 96996K [0x0000000080000000, 0x0000000100000000)
  region size 1024K, 5 young (5120K), 5 survivors (5120K)
 Metaspace       used 51337K, capacity 52931K, committed 53200K, reserved 1095680K
  class space    used 6616K, capacity 7217K, committed 7296K, reserved 1048576K
}
Event: 3.518 GC heap before
{Heap before GC invocations=17 (full 0):
 garbage-first heap   total 187392K, used 125668K [0x0000000080000000, 0x0000000100000000)
  region size 1024K, 35 young (35840K), 5 survivors (5120K)
 Metaspace       used 52007K, capacity 53621K, committed 53712K, reserved 1095680K
  class space    used 6673K, capacity 7269K, committed 7296K, reserved 1048576K
}
Event: 3.522 GC heap after
{Heap after GC invocations=18 (full 0):
 garbage-first heap   total 187392K, used 98117K [0x0000000080000000, 0x0000000100000000)
  region size 1024K, 5 young (5120K), 5 survivors (5120K)
 Metaspace       used 52007K, capacity 53621K, committed 53712K, reserved 1095680K
  class space    used 6673K, capacity 7269K, committed 7296K, reserved 1048576K
}
Event: 3.550 GC heap before
{Heap before GC invocations=19 (full 0):
 garbage-first heap   total 187392K, used 102213K [0x0000000080000000, 0x0000000100000000)
  region size 1024K, 8 young (8192K), 5 survivors (5120K)
 Metaspace       used 52132K, capacity 53875K, committed 54096K, reserved 1095680K
  class space    used 6689K, capacity 7311K, committed 7424K, reserved 1048576K
}
Event: 3.553 GC heap after
{Heap after GC invocations=20 (full 0):
 garbage-first heap   total 187392K, used 102227K [0x0000000080000000, 0x0000000100000000)
  region size 1024K, 3 young (3072K), 3 survivors (3072K)
 Metaspace       used 52132K, capacity 53875K, committed 54096K, reserved 1095680K
  class space    used 6689K, capacity 7311K, committed 7424K, reserved 1048576K
}
Event: 3.592 GC heap before
{Heap before GC invocations=21 (full 0):
 garbage-first heap   total 187392K, used 114515K [0x0000000080000000, 0x0000000100000000)
  region size 1024K, 11 young (11264K), 3 survivors (3072K)
 Metaspace       used 52427K, capacity 54099K, committed 54352K, reserved 1095680K
  class space    used 6738K, capacity 7343K, committed 7424K, reserved 1048576K
}
Event: 3.595 GC heap after
{Heap after GC invocations=22 (full 0):
 garbage-first heap   total 225280K, used 111239K [0x0000000080000000, 0x0000000100000000)
  region size 1024K, 6 young (6144K), 6 survivors (6144K)
 Metaspace       used 52427K, capacity 54099K, committed 54352K, reserved 1095680K
  class space    used 6738K, capacity 7343K, committed 7424K, reserved 1048576K
}

