# JRE version: OpenJDK Runtime Environment (11.0.15) (build 11.0.15+0-b2043.56-9505619)
# Java VM: OpenJDK 64-Bit Server VM (11.0.15+0-b2043.56-9505619, mixed mode, tiered, compressed oops, g1 gc, windows-amd64)
Heap:
 garbage-first heap   total 270336K, used 203204K [0x0000000080000000, 0x0000000100000000)
  region size 1024K, 37 young (37888K), 4 survivors (4096K)
 Metaspace       used 97743K, capacity 100417K, committed 100688K, reserved 1136640K
  class space    used 12748K, capacity 13699K, committed 13824K, reserved 1048576K
GC Heap History (20 events):
Event: 4.875 GC heap before
{Heap before GC invocations=28 (full 0):
 garbage-first heap   total 225280K, used 131853K [0x0000000080000000, 0x0000000100000000)
  region size 1024K, 16 young (16384K), 6 survivors (6144K)
 Metaspace       used 67848K, capacity 69805K, committed 69968K, reserved 1110016K
  class space    used 8685K, capacity 9424K, committed 9472K, reserved 1048576K
}
Event: 4.879 GC heap after
{Heap after GC invocations=29 (full 0):
 garbage-first heap   total 225280K, used 124203K [0x0000000080000000, 0x0000000100000000)
  region size 1024K, 7 young (7168K), 7 survivors (7168K)
 Metaspace       used 67848K, capacity 69805K, committed 69968K, reserved 1110016K
  class space    used 8685K, capacity 9424K, committed 9472K, reserved 1048576K
}
Event: 5.139 GC heap before
{Heap before GC invocations=30 (full 0):
 garbage-first heap   total 225280K, used 167211K [0x0000000080000000, 0x0000000100000000)
  region size 1024K, 47 young (48128K), 7 survivors (7168K)
 Metaspace       used 71048K, capacity 73090K, committed 73168K, reserved 1112064K
  class space    used 9083K, capacity 9825K, committed 9856K, reserved 1048576K
}
Event: 5.144 GC heap after
{Heap after GC invocations=31 (full 0):
 garbage-first heap   total 270336K, used 121450K [0x0000000080000000, 0x0000000100000000)
  region size 1024K, 3 young (3072K), 3 survivors (3072K)
 Metaspace       used 71048K, capacity 73090K, committed 73168K, reserved 1112064K
  class space    used 9083K, capacity 9825K, committed 9856K, reserved 1048576K
}
Event: 5.662 GC heap before
{Heap before GC invocations=31 (full 0):
 garbage-first heap   total 270336K, used 190058K [0x0000000080000000, 0x0000000100000000)
  region size 1024K, 69 young (70656K), 3 survivors (3072K)
 Metaspace       used 75624K, capacity 77711K, committed 77904K, reserved 1116160K
  class space    used 9686K, capacity 10455K, committed 10496K, reserved 1048576K
}
Event: 5.666 GC heap after
{Heap after GC invocations=32 (full 0):
 garbage-first heap   total 270336K, used 124752K [0x0000000080000000, 0x0000000100000000)
  region size 1024K, 6 young (6144K), 6 survivors (6144K)
 Metaspace       used 75624K, capacity 77711K, committed 77904K, reserved 1116160K
  class space    used 9686K, capacity 10455K, committed 10496K, reserved 1048576K
}
Event: 6.084 GC heap before
{Heap before GC invocations=32 (full 0):
 garbage-first heap   total 270336K, used 196432K [0x0000000080000000, 0x0000000100000000)
  region size 1024K, 76 young (77824K), 6 survivors (6144K)
 Metaspace       used 81205K, capacity 83503K, committed 83792K, reserved 1122304K
  class space    used 10599K, capacity 11482K, committed 11520K, reserved 1048576K
}
Event: 6.089 GC heap after
{Heap after GC invocations=33 (full 0):
 garbage-first heap   total 270336K, used 129317K [0x0000000080000000, 0x0000000100000000)
  region size 1024K, 9 young (9216K), 9 survivors (9216K)
 Metaspace       used 81205K, capacity 83503K, committed 83792K, reserved 1122304K
  class space    used 10599K, capacity 11482K, committed 11520K, reserved 1048576K
}
Event: 6.334 GC heap before
{Heap before GC invocations=33 (full 0):
 garbage-first heap   total 270336K, used 159013K [0x0000000080000000, 0x0000000100000000)
  region size 1024K, 40 young (40960K), 9 survivors (9216K)
 Metaspace       used 84163K, capacity 86446K, committed 86736K, reserved 1124352K
  class space    used 10989K, capacity 11836K, committed 11904K, reserved 1048576K
}
Event: 6.341 GC heap after
{Heap after GC invocations=34 (full 0):
 garbage-first heap   total 270336K, used 132740K [0x0000000080000000, 0x0000000100000000)
  region size 1024K, 8 young (8192K), 8 survivors (8192K)
 Metaspace       used 84163K, capacity 86446K, committed 86736K, reserved 1124352K
  class space    used 10989K, capacity 11836K, committed 11904K, reserved 1048576K
}
Event: 6.407 GC heap before
{Heap before GC invocations=35 (full 0):
 garbage-first heap   total 270336K, used 155268K [0x0000000080000000, 0x0000000100000000)
  region size 1024K, 11 young (11264K), 8 survivors (8192K)
 Metaspace       used 84163K, capacity 86446K, committed 86736K, reserved 1124352K
  class space    used 10989K, capacity 11836K, committed 11904K, reserved 1048576K
}
Event: 6.411 GC heap after
{Heap after GC invocations=36 (full 0):
 garbage-first heap   total 270336K, used 155391K [0x0000000080000000, 0x0000000100000000)
  region size 1024K, 6 young (6144K), 6 survivors (6144K)
 Metaspace       used 84163K, capacity 86446K, committed 86736K, reserved 1124352K
  class space    used 10989K, capacity 11836K, committed 11904K, reserved 1048576K
}
Event: 6.747 GC heap before
{Heap before GC invocations=37 (full 0):
 garbage-first heap   total 270336K, used 214783K [0x0000000080000000, 0x0000000100000000)
  region size 1024K, 57 young (58368K), 6 survivors (6144K)
 Metaspace       used 86466K, capacity 88905K, committed 89168K, reserved 1126400K
  class space    used 11299K, capacity 12214K, committed 12288K, reserved 1048576K
}
Event: 6.751 GC heap after
{Heap after GC invocations=38 (full 0):
 garbage-first heap   total 270336K, used 167701K [0x0000000080000000, 0x0000000100000000)
  region size 1024K, 8 young (8192K), 8 survivors (8192K)
 Metaspace       used 86466K, capacity 88905K, committed 89168K, reserved 1126400K
  class space    used 11299K, capacity 12214K, committed 12288K, reserved 1048576K
}
Event: 6.809 GC heap before
{Heap before GC invocations=38 (full 0):
 garbage-first heap   total 270336K, used 215829K [0x0000000080000000, 0x0000000100000000)
  region size 1024K, 55 young (56320K), 8 survivors (8192K)
 Metaspace       used 87678K, capacity 90164K, committed 90448K, reserved 1128448K
  class space    used 11475K, capacity 12420K, committed 12544K, reserved 1048576K
}
Event: 6.812 GC heap after
{Heap after GC invocations=39 (full 0):
 garbage-first heap   total 270336K, used 168349K [0x0000000080000000, 0x0000000100000000)
  region size 1024K, 1 young (1024K), 1 survivors (1024K)
 Metaspace       used 87678K, capacity 90164K, committed 90448K, reserved 1128448K
  class space    used 11475K, capacity 12420K, committed 12544K, reserved 1048576K
}
Event: 6.988 GC heap before
{Heap before GC invocations=40 (full 0):
 garbage-first heap   total 270336K, used 215453K [0x0000000080000000, 0x0000000100000000)
  region size 1024K, 49 young (50176K), 1 survivors (1024K)
 Metaspace       used 89619K, capacity 92105K, committed 92368K, reserved 1128448K
  class space    used 11729K, capacity 12636K, committed 12672K, reserved 1048576K
}
Event: 6.991 GC heap after
{Heap after GC invocations=41 (full 0):
 garbage-first heap   total 270336K, used 170179K [0x0000000080000000, 0x0000000100000000)
  region size 1024K, 3 young (3072K), 3 survivors (3072K)
 Metaspace       used 89619K, capacity 92105K, committed 92368K, reserved 1128448K
  class space    used 11729K, capacity 12636K, committed 12672K, reserved 1048576K
}
Event: 7.193 GC heap before
{Heap before GC invocations=42 (full 0):
 garbage-first heap   total 270336K, used 222403K [0x0000000080000000, 0x0000000100000000)
  region size 1024K, 53 young (54272K), 3 survivors (3072K)
 Metaspace       used 93843K, capacity 96502K, committed 96720K, reserved 1132544K
  class space    used 12236K, capacity 13180K, committed 13184K, reserved 1048576K
}
Event: 7.195 GC heap after
{Heap after GC invocations=43 (full 0):
 garbage-first heap   total 270336K, used 170436K [0x0000000080000000, 0x0000000100000000)
  region size 1024K, 4 young (4096K), 4 survivors (4096K)
 Metaspace       used 93843K, capacity 96502K, committed 96720K, reserved 1132544K
  class space    used 12236K, capacity 13180K, committed 13184K, reserved 1048576K
}

