# JRE version: OpenJDK Runtime Environment (11.0.15) (build 11.0.15+0-b2043.56-9505619)
# Java VM: OpenJDK 64-Bit Server VM (11.0.15+0-b2043.56-9505619, mixed mode, tiered, compressed oops, g1 gc, windows-amd64)
Heap:
 garbage-first heap   total 225280K, used 105748K [0x0000000080000000, 0x0000000100000000)
  region size 1024K, 3 young (3072K), 3 survivors (3072K)
 Metaspace       used 64933K, capacity 66884K, committed 67024K, reserved 1107968K
  class space    used 8277K, capacity 8993K, committed 9088K, reserved 1048576K
GC Heap History (20 events):
Event: 1.760 GC heap after
{Heap after GC invocations=6 (full 0):
 garbage-first heap   total 129024K, used 39330K [0x0000000080000000, 0x0000000100000000)
  region size 1024K, 8 young (8192K), 8 survivors (8192K)
 Metaspace       used 30909K, capacity 31863K, committed 32048K, reserved 1077248K
  class space    used 4135K, capacity 4476K, committed 4480K, reserved 1048576K
}
Event: 2.001 GC heap before
{Heap before GC invocations=6 (full 0):
 garbage-first heap   total 129024K, used 70050K [0x0000000080000000, 0x0000000100000000)
  region size 1024K, 39 young (39936K), 8 survivors (8192K)
 Metaspace       used 34764K, capacity 35866K, committed 35920K, reserved 1081344K
  class space    used 4680K, capacity 5085K, committed 5120K, reserved 1048576K
}
Event: 2.010 GC heap after
{Heap after GC invocations=7 (full 0):
 garbage-first heap   total 155648K, used 41338K [0x0000000080000000, 0x0000000100000000)
  region size 1024K, 2 young (2048K), 2 survivors (2048K)
 Metaspace       used 34764K, capacity 35866K, committed 35920K, reserved 1081344K
  class space    used 4680K, capacity 5085K, committed 5120K, reserved 1048576K
}
Event: 2.434 GC heap before
{Heap before GC invocations=8 (full 0):
 garbage-first heap   total 155648K, used 105850K [0x0000000080000000, 0x0000000100000000)
  region size 1024K, 62 young (63488K), 2 survivors (2048K)
 Metaspace       used 42225K, capacity 43385K, committed 43600K, reserved 1087488K
  class space    used 5373K, capacity 5795K, committed 5888K, reserved 1048576K
}
Event: 2.438 GC heap after
{Heap after GC invocations=9 (full 0):
 garbage-first heap   total 155648K, used 46278K [0x0000000080000000, 0x0000000100000000)
  region size 1024K, 7 young (7168K), 7 survivors (7168K)
 Metaspace       used 42225K, capacity 43385K, committed 43600K, reserved 1087488K
  class space    used 5373K, capacity 5795K, committed 5888K, reserved 1048576K
}
Event: 2.785 GC heap before
{Heap before GC invocations=9 (full 0):
 garbage-first heap   total 155648K, used 128198K [0x0000000080000000, 0x0000000100000000)
  region size 1024K, 67 young (68608K), 7 survivors (7168K)
 Metaspace       used 46515K, capacity 47782K, committed 47952K, reserved 1091584K
  class space    used 5859K, capacity 6358K, committed 6400K, reserved 1048576K
}
Event: 2.790 GC heap after
{Heap after GC invocations=10 (full 0):
 garbage-first heap   total 155648K, used 71418K [0x0000000080000000, 0x0000000100000000)
  region size 1024K, 6 young (6144K), 6 survivors (6144K)
 Metaspace       used 46515K, capacity 47782K, committed 47952K, reserved 1091584K
  class space    used 5859K, capacity 6358K, committed 6400K, reserved 1048576K
}
Event: 2.984 GC heap before
{Heap before GC invocations=10 (full 0):
 garbage-first heap   total 155648K, used 113402K [0x0000000080000000, 0x0000000100000000)
  region size 1024K, 48 young (49152K), 6 survivors (6144K)
 Metaspace       used 48277K, capacity 49781K, committed 49872K, reserved 1093632K
  class space    used 6155K, capacity 6702K, committed 6784K, reserved 1048576K
}
Event: 2.990 GC heap after
{Heap after GC invocations=11 (full 0):
 garbage-first heap   total 155648K, used 74391K [0x0000000080000000, 0x0000000100000000)
  region size 1024K, 3 young (3072K), 3 survivors (3072K)
 Metaspace       used 48277K, capacity 49781K, committed 49872K, reserved 1093632K
  class space    used 6155K, capacity 6702K, committed 6784K, reserved 1048576K
}
Event: 3.323 GC heap before
{Heap before GC invocations=12 (full 0):
 garbage-first heap   total 155648K, used 127639K [0x0000000080000000, 0x0000000100000000)
  region size 1024K, 50 young (51200K), 3 survivors (3072K)
 Metaspace       used 51324K, capacity 52931K, committed 53200K, reserved 1095680K
  class space    used 6617K, capacity 7217K, committed 7296K, reserved 1048576K
}
Event: 3.328 GC heap after
{Heap after GC invocations=13 (full 0):
 garbage-first heap   total 187392K, used 82701K [0x0000000080000000, 0x0000000100000000)
  region size 1024K, 7 young (7168K), 7 survivors (7168K)
 Metaspace       used 51324K, capacity 52931K, committed 53200K, reserved 1095680K
  class space    used 6617K, capacity 7217K, committed 7296K, reserved 1048576K
}
Event: 3.612 GC heap before
{Heap before GC invocations=13 (full 0):
 garbage-first heap   total 187392K, used 131853K [0x0000000080000000, 0x0000000100000000)
  region size 1024K, 49 young (50176K), 7 survivors (7168K)
 Metaspace       used 52462K, capacity 54144K, committed 54352K, reserved 1095680K
  class space    used 6735K, capacity 7336K, committed 7424K, reserved 1048576K
}
Event: 3.618 GC heap after
{Heap after GC invocations=14 (full 0):
 garbage-first heap   total 187392K, used 96692K [0x0000000080000000, 0x0000000100000000)
  region size 1024K, 9 young (9216K), 9 survivors (9216K)
 Metaspace       used 52462K, capacity 54144K, committed 54352K, reserved 1095680K
  class space    used 6735K, capacity 7336K, committed 7424K, reserved 1048576K
}
Event: 4.024 GC heap before
{Heap before GC invocations=15 (full 0):
 garbage-first heap   total 187392K, used 148916K [0x0000000080000000, 0x0000000100000000)
  region size 1024K, 59 young (60416K), 9 survivors (9216K)
 Metaspace       used 58566K, capacity 60438K, committed 60496K, reserved 1101824K
  class space    used 7484K, capacity 8175K, committed 8192K, reserved 1048576K
}
Event: 4.030 GC heap after
{Heap after GC invocations=16 (full 0):
 garbage-first heap   total 187392K, used 99928K [0x0000000080000000, 0x0000000100000000)
  region size 1024K, 4 young (4096K), 4 survivors (4096K)
 Metaspace       used 58566K, capacity 60438K, committed 60496K, reserved 1101824K
  class space    used 7484K, capacity 8175K, committed 8192K, reserved 1048576K
}
Event: 4.239 GC heap before
{Heap before GC invocations=16 (full 0):
 garbage-first heap   total 187392K, used 121432K [0x0000000080000000, 0x0000000100000000)
  region size 1024K, 26 young (26624K), 4 survivors (4096K)
 Metaspace       used 62330K, capacity 64325K, committed 64464K, reserved 1105920K
  class space    used 7960K, capacity 8708K, committed 8832K, reserved 1048576K
}
Event: 4.243 GC heap after
{Heap after GC invocations=17 (full 0):
 garbage-first heap   total 187392K, used 102140K [0x0000000080000000, 0x0000000100000000)
  region size 1024K, 6 young (6144K), 6 survivors (6144K)
 Metaspace       used 62330K, capacity 64325K, committed 64464K, reserved 1105920K
  class space    used 7960K, capacity 8708K, committed 8832K, reserved 1048576K
}
Event: 4.287 GC heap before
{Heap before GC invocations=18 (full 0):
 garbage-first heap   total 187392K, used 116476K [0x0000000080000000, 0x0000000100000000)
  region size 1024K, 16 young (16384K), 6 survivors (6144K)
 Metaspace       used 62307K, capacity 64283K, committed 64464K, reserved 1105920K
  class space    used 7952K, capacity 8693K, committed 8832K, reserved 1048576K
}
Event: 4.292 GC heap after
{Heap after GC invocations=19 (full 0):
 garbage-first heap   total 187392K, used 108741K [0x0000000080000000, 0x0000000100000000)
  region size 1024K, 6 young (6144K), 6 survivors (6144K)
 Metaspace       used 62307K, capacity 64283K, committed 64464K, reserved 1105920K
  class space    used 7952K, capacity 8693K, committed 8832K, reserved 1048576K
}
Event: 4.515 GC heap before
{Heap before GC invocations=20 (full 0):
 garbage-first heap   total 187392K, used 145605K [0x0000000080000000, 0x0000000100000000)
  region size 1024K, 40 young (40960K), 6 survivors (6144K)
 Metaspace       used 64933K, capacity 66884K, committed 67024K, reserved 1107968K
  class space    used 8277K, capacity 8993K, committed 9088K, reserved 1048576K
}

