# JRE version: OpenJDK Runtime Environment (11.0.15) (build 11.0.15+0-b2043.56-9505619)
# Java VM: OpenJDK 64-Bit Server VM (11.0.15+0-b2043.56-9505619, mixed mode, tiered, compressed oops, g1 gc, windows-amd64)
Heap:
 garbage-first heap   total 155648K, used 54504K [0x0000000080000000, 0x0000000100000000)
  region size 1024K, 2 young (2048K), 2 survivors (2048K)
 Metaspace       used 34760K, capacity 35865K, committed 35920K, reserved 1081344K
  class space    used 4671K, capacity 5085K, committed 5120K, reserved 1048576K
GC Heap History (11 events):
Event: 0.422 GC heap before
{Heap before GC invocations=0 (full 0):
 garbage-first heap   total 129024K, used 29696K [0x0000000080000000, 0x0000000100000000)
  region size 1024K, 24 young (24576K), 0 survivors (0K)
 Metaspace       used 10015K, capacity 10240K, committed 10368K, reserved 1058816K
  class space    used 1015K, capacity 1073K, committed 1152K, reserved 1048576K
}
Event: 0.425 GC heap after
{Heap after GC invocations=1 (full 0):
 garbage-first heap   total 129024K, used 9592K [0x0000000080000000, 0x0000000100000000)
  region size 1024K, 3 young (3072K), 3 survivors (3072K)
 Metaspace       used 10015K, capacity 10240K, committed 10368K, reserved 1058816K
  class space    used 1015K, capacity 1073K, committed 1152K, reserved 1048576K
}
Event: 1.055 GC heap before
{Heap before GC invocations=1 (full 0):
 garbage-first heap   total 129024K, used 83320K [0x0000000080000000, 0x0000000100000000)
  region size 1024K, 75 young (76800K), 3 survivors (3072K)
 Metaspace       used 18130K, capacity 18546K, committed 18688K, reserved 1064960K
  class space    used 2112K, capacity 2260K, committed 2304K, reserved 1048576K
}
Event: 1.060 GC heap after
{Heap after GC invocations=2 (full 0):
 garbage-first heap   total 129024K, used 16303K [0x0000000080000000, 0x0000000100000000)
  region size 1024K, 10 young (10240K), 10 survivors (10240K)
 Metaspace       used 18130K, capacity 18546K, committed 18688K, reserved 1064960K
  class space    used 2112K, capacity 2260K, committed 2304K, reserved 1048576K
}
Event: 1.194 GC heap before
{Heap before GC invocations=2 (full 0):
 garbage-first heap   total 129024K, used 35759K [0x0000000080000000, 0x0000000100000000)
  region size 1024K, 31 young (31744K), 10 survivors (10240K)
 Metaspace       used 20672K, capacity 21136K, committed 21296K, reserved 1069056K
  class space    used 2488K, capacity 2635K, committed 2688K, reserved 1048576K
}
Event: 1.198 GC heap after
{Heap after GC invocations=3 (full 0):
 garbage-first heap   total 129024K, used 17288K [0x0000000080000000, 0x0000000100000000)
  region size 1024K, 1 young (1024K), 1 survivors (1024K)
 Metaspace       used 20672K, capacity 21136K, committed 21296K, reserved 1069056K
  class space    used 2488K, capacity 2635K, committed 2688K, reserved 1048576K
}
Event: 1.523 GC heap before
{Heap before GC invocations=4 (full 0):
 garbage-first heap   total 129024K, used 73608K [0x0000000080000000, 0x0000000100000000)
  region size 1024K, 56 young (57344K), 1 survivors (1024K)
 Metaspace       used 26248K, capacity 26912K, committed 27184K, reserved 1073152K
  class space    used 3402K, capacity 3632K, committed 3712K, reserved 1048576K
}
Event: 1.525 GC heap after
{Heap after GC invocations=5 (full 0):
 garbage-first heap   total 129024K, used 19133K [0x0000000080000000, 0x0000000100000000)
  region size 1024K, 3 young (3072K), 3 survivors (3072K)
 Metaspace       used 26248K, capacity 26912K, committed 27184K, reserved 1073152K
  class space    used 3402K, capacity 3632K, committed 3712K, reserved 1048576K
}
Event: 1.904 GC heap before
{Heap before GC invocations=5 (full 0):
 garbage-first heap   total 129024K, used 107197K [0x0000000080000000, 0x0000000100000000)
  region size 1024K, 63 young (64512K), 3 survivors (3072K)
 Metaspace       used 30948K, capacity 31927K, committed 32048K, reserved 1077248K
  class space    used 4135K, capacity 4476K, committed 4480K, reserved 1048576K
}
Event: 1.908 GC heap after
{Heap after GC invocations=6 (full 0):
 garbage-first heap   total 129024K, used 52931K [0x0000000080000000, 0x0000000100000000)
  region size 1024K, 8 young (8192K), 8 survivors (8192K)
 Metaspace       used 30948K, capacity 31927K, committed 32048K, reserved 1077248K
  class space    used 4135K, capacity 4476K, committed 4480K, reserved 1048576K
}
Event: 2.147 GC heap before
{Heap before GC invocations=6 (full 0):
 garbage-first heap   total 129024K, used 82627K [0x0000000080000000, 0x0000000100000000)
  region size 1024K, 38 young (38912K), 8 survivors (8192K)
 Metaspace       used 34760K, capacity 35865K, committed 35920K, reserved 1081344K
  class space    used 4671K, capacity 5085K, committed 5120K, reserved 1048576K
}

